<?xml version="1.0" encoding="UTF-8"?>
<!-- Generated by org.testng.reporters.JUnitReportReporter -->
<testsuite hostname="USER" failures="0" tests="1" name="test.Testcook" time="7.256" errors="0" timestamp="2023-10-25T20:08:50 IST" skipped="0">
  <testcase classname="test.Testcook" name="test" time="7.256"/>
  <system-out/>
</testsuite> <!-- test.Testcook -->
