<?xml version="1.0" encoding="UTF-8"?>
<!-- Generated by org.testng.reporters.JUnitReportReporter -->
<testsuite hostname="USER" failures="0" tests="1" name="test.Testclass" time="21.929" errors="0" timestamp="2023-10-31T13:36:05 IST" skipped="0">
  <testcase classname="test.Testclass" name="test" time="21.929"/>
  <system-out/>
</testsuite> <!-- test.Testclass -->
